This job can be monitored from: https://scruffy.c3se.chalmers.se/d/alvis-job/alvis-job?var-jobid=1365479&from=1695742451000
******START ******* sequential    ****************** \n

Time: 0.000005
Result: 10 3639.926758

Time: 1.640799
Result: 17197 1103.167480

Time: 13.682360
Result: 507805 12177.071289
******START ******* cuda TPB 64 ****************** \n

Time: 0.000478
Result: 10 3639.926758

Time: 0.005392
Result: 17197 1103.167480

Time: 0.027009
Result: 507805 12177.071289
******START ******* cuda TPB 128 ****************** \n

Time: 0.000327
Result: 10 3639.926758

Time: 0.005453
Result: 17197 1103.167480

Time: 0.026922
Result: 507805 12177.071289
******START ******* cuda TPB 256 ****************** \n

Time: 0.000376
Result: 10 3639.926758

Time: 0.005589
Result: 17197 1103.167480

Time: 0.027162
Result: 507805 12177.071289
******START ******* cuda TPB 512 ****************** \n

Time: 0.000435
Result: 10 3639.926758

Time: 0.005687
Result: 17197 1103.167480

Time: 0.027199
Result: 507805 12177.071289
