This job can be monitored from: https://scruffy.c3se.chalmers.se/d/alvis-job/alvis-job?var-jobid=1370172&from=1695888244000
******START ******* sequential    ****************** \n

Time: 0.000005
Result: 10 3639.926758

Time: 1.640522
Result: 17197 1103.167480

Time: 13.680781
Result: 507805 12177.071289
******START ******* cuda TPB 4 ****************** \n

Time: 0.000331
Result: 10 3639.926758

Time: 0.022887
Result: 17197 1103.167480

Time: 0.179695
Result: 507805 12177.071289
******START ******* cuda TPB 8  ****************** \n

Time: 0.000452
Result: 10 3639.926758

Time: 0.012511
Result: 17197 1103.167480

Time: 0.086367
Result: 507805 12177.071289
******START ******* cuda TPB 16 ****************** \n

Time: 0.000501
Result: 10 3639.926758

Time: 0.005419
Result: 17197 1103.167480

Time: 0.042639
Result: 507805 12177.071289
******START ******* cuda TPB 32 ****************** \n

Time: 0.000381
Result: 10 3639.926758

Time: 0.004690
Result: 17197 1103.167480

Time: 0.023791
Result: 507805 12177.071289
******START ******* cuda TPB 64 ****************** \n

Time: 0.000294
Result: 10 3639.926758

Time: 0.004635
Result: 17197 1103.167480

Time: 0.023515
Result: 507805 12177.071289
******START ******* cuda TPB 64 ****************** \n

Time: 0.000252
Result: 10 3639.926758

Time: 0.004643
Result: 17197 1103.167480

Time: 0.023669
Result: 507805 12177.071289
******START ******* cuda TPB 128 ****************** \n

Time: 0.000323
Result: 10 3639.926758

Time: 0.004656
Result: 17197 1103.167480

Time: 0.023351
Result: 507805 12177.071289
******START ******* cuda TPB 256 ****************** \n

Time: 0.000417
Result: 10 3639.926758

Time: 0.005648
Result: 17197 1103.167480

Time: 0.027021
Result: 507805 12177.071289
******START ******* cuda TPB 512 ****************** \n

Time: 0.000356
Result: 10 3639.926758

Time: 0.005725
Result: 17197 1103.167480

Time: 0.027541
Result: 507805 12177.071289
